PLINK v1.90p 64-bit (16 Jun 2020)
Options in effect:
  --bfile data/AFR_Chr22
  --keep data/YRI_ID.txt
  --out data/1000YRI_Chr22
  --recode

Hostname: mi3vm
Working directory: /home/jcm/docs/gao
Start time: Wed Aug 12 13:29:25 2020

Random number seed: 1597256965
10975 MB RAM detected; reserving 5487 MB for main workspace.
342305 variants loaded from .bim file.
246 people (0 males, 0 females, 246 ambiguous) loaded from .fam.
Ambiguous sex IDs written to data/1000YRI_Chr22.nosex .
--keep: 88 people remaining.
Using 1 thread (no multithreaded calculations invoked).
Before main variant filters, 88 founders and 0 nonfounders present.
Calculating allele frequencies... done.
342305 variants and 88 people pass filters and QC.
Note: No phenotypes present.
--recode ped to data/1000YRI_Chr22.ped + data/1000YRI_Chr22.map ... done.

End time: Wed Aug 12 13:29:27 2020
