PLINK v1.90p 64-bit (16 Jun 2020)
Options in effect:
  --exclude data/1000CEU_Chr22_Delete.txt
  --file data/1000CEU_Chr22
  --noweb
  --out data/1000CEU_Chr22_update
  --recode

Hostname: mi3vm
Working directory: /home/jcm/docs/gao
Start time: Wed Aug 12 13:29:46 2020

Note: --noweb has no effect since no web check is implemented yet.
Random number seed: 1597256986
10975 MB RAM detected; reserving 5487 MB for main workspace.
Scanning .ped file...
Possibly irregular .ped line.  Restarting scan, assuming multichar alleles.
.ped scan complete (for binary autoconversion).
Performing single-pass .bed write (232005 variants, 85 people).
--file: data/1000CEU_Chr22_update-temporary.bed +
data/1000CEU_Chr22_update-temporary.bim +
data/1000CEU_Chr22_update-temporary.fam written.
232005 variants loaded from .bim file.
85 people (0 males, 0 females, 85 ambiguous) loaded from .fam.
Ambiguous sex IDs written to data/1000CEU_Chr22_update.nosex .
--exclude: 231876 variants remaining.
Using 1 thread (no multithreaded calculations invoked).
Before main variant filters, 85 founders and 0 nonfounders present.
Calculating allele frequencies... done.
231876 variants and 85 people pass filters and QC.
Note: No phenotypes present.
--recode ped to data/1000CEU_Chr22_update.ped + data/1000CEU_Chr22_update.map
... done.

End time: Wed Aug 12 13:29:49 2020
